<?xml version="1.0" encoding="UTF-8"?>
<testng-results ignored="0" total="2" passed="2" failed="0" skipped="0">
  <reporter-output>
  </reporter-output>
  <suite started-at="2020-09-29T11:20:36 IST" name="Suite" finished-at="2020-09-29T11:20:36 IST" duration-ms="31">
    <groups>
    </groups>
    <test started-at="2020-09-29T11:20:36 IST" name="Test" finished-at="2020-09-29T11:20:36 IST" duration-ms="31">
      <class name="mavengroup.mavenartifact.SeleniumTest">
        <test-method signature="BrowserAutomation()[pri:0, instance:mavengroup.mavenartifact.SeleniumTest@2ed0fbae]" started-at="2020-09-29T11:20:36 IST" name="BrowserAutomation" finished-at="2020-09-29T11:20:36 IST" duration-ms="3" status="PASS">
          <reporter-output>
          </reporter-output>
        </test-method> <!-- BrowserAutomation -->
        <test-method signature="elements()[pri:0, instance:mavengroup.mavenartifact.SeleniumTest@2ed0fbae]" started-at="2020-09-29T11:20:36 IST" name="elements" finished-at="2020-09-29T11:20:36 IST" duration-ms="0" status="PASS">
          <reporter-output>
          </reporter-output>
        </test-method> <!-- elements -->
      </class> <!-- mavengroup.mavenartifact.SeleniumTest -->
    </test> <!-- Test -->
  </suite> <!-- Suite -->
</testng-results>
